<?xml version="1.0" encoding="UTF-8"?>
<testsuite xmlns:xsi="http://www.w3.org/2001/XMLSchema-instance" xsi:noNamespaceSchemaLocation="https://maven.apache.org/surefire/maven-surefire-plugin/xsd/surefire-test-report.xsd" version="3.0.2" name="com.coin.bc_coin.BcCoinApplicationTests" time="4.23" tests="1" errors="0" skipped="0" failures="0">
  <properties>
[...]
</properties>
  <testcase name="contextLoads" classname="com.coin.bc_coin.BcCoinApplicationTests" time="1.156">
    <system-out><![CDATA[12:07:44.245 [main] INFO org.springframework.test.context.support.AnnotationConfigContextLoaderUtils -- Could not detect default configuration classes for test class [com.coin.bc_coin.BcCoinApplicationTests]: BcCoinApplicationTests does not declare any static, non-private, non-final, nested classes annotated with @Configuration.
12:07:44.422 [main] INFO org.springframework.boot.test.context.SpringBootTestContextBootstrapper -- Found @SpringBootConfiguration com.coin.bc_coin.BcCoinApplication for test class com.coin.bc_coin.BcCoinApplicationTests
12:07:44.730 [main] INFO org.springframework.boot.devtools.restart.RestartApplicationListener -- Restart disabled due to context in which it is running

  .   ____          _            __ _ _
 /\\ / ___'_ __ _ _(_)_ __  __ _ \ \ \ \
( ( )\___ | '_ | '_| | '_ \/ _` | \ \ \ \
 \\/  ___)| |_)| | | | | || (_| |  ) ) ) )
  '  |____| .__|_| |_|_| |_\__, | / / / /
 =========|_|==============|___/=/_/_/_/

 :: Spring Boot ::                (v3.4.3)

2025-02-28T12:07:45.179+08:00  INFO 516 --- [bc_coin] [           main] c.coin.bc_coin.BcCoinApplicationTests    : Starting BcCoinApplicationTests using Java 17.0.13 with PID 516 (started by wu in D:\coding\java\bootcamp\demo_sb\bc_coin)
2025-02-28T12:07:45.182+08:00  INFO 516 --- [bc_coin] [           main] c.coin.bc_coin.BcCoinApplicationTests    : No active profile set, falling back to 1 default profile: "default"
2025-02-28T12:07:46.893+08:00  WARN 516 --- [bc_coin] [           main] ion$DefaultTemplateResolverConfiguration : Cannot find template location: classpath:/templates/ (please add some templates, check your Thymeleaf configuration, or set spring.thymeleaf.check-template-location=false)
2025-02-28T12:07:47.013+08:00  INFO 516 --- [bc_coin] [           main] c.coin.bc_coin.BcCoinApplicationTests    : Started BcCoinApplicationTests in 2.304 seconds (process running for 3.938)
]]></system-out>
  </testcase>
</testsuite>